============================================================
L48: SQT 3-Variable ODE -- T17_full + T20
Grid: 20x20=400 pts | 8 workers
H0_local=73.8  H0_CMB_target=67.4 km/s/Mpc
============================================================

============================================================
Pre-task: L48 SQT ODE Validation
============================================================

[PT1] Self-consistent sigma0:
  sigma_sc = 1.1689e+08 m^3/(kg*s)
  tau_q    = 1.3937e+17 s  (should be 1/(3H0) = 1.3937e+17)
  ratio    = tau_q*3H0 = 1.00000000  [OK]

[PT2] ODE stability at sigma_sc, Gamma0=1e8:
  E(z=0)   = 0.951629  [OK]
  n_inf    = 1.3937e+25 m^-3
  eps      = 4.5194e-35 J
  ODE [OK]

[PT3] eps dimensional check:
  eps = 4.5194e-35 J = 2.8211e-16 eV
  n_inf * eps/c^2 / rho_crit,0 should ~ OmL = 0.685
  ratio = 0.6850  [OK]

[PT4] LCDM sound horizon:
  r_s = 114.97 Mpc  (Planck: ~147 Mpc)  [WARN]

  Pre-task complete [OK]

============================================================
Task 0: LCDM Baseline
============================================================
  H0_true   = 73.80 km/s/Mpc
  H0_CMB_PL = 67.40 km/s/Mpc
  Tension   = 6.40 km/s/Mpc
  Om_check  = 0.3150 (target 0.3150)
  r_s LCDM  = 114.97 Mpc
  theta*    = 9.65398 (Planck: 0.01041)
  sigma_sc  = 1.1689e+08 m^3/(kg*s)

============================================================
Task 1: T17_full Grid Scan (20x20=400 pts)
============================================================
  Dispatching 400 tasks to 8 workers...
  Done in 3.2s
  Valid results: 400/400
  H0_CMB range: [64.67, 103.93] km/s/Mpc
  Tension range: [-30.13, 9.13] km/s/Mpc

============================================================
Task 2: Self-consistency & Best-fit Analysis
============================================================

  Self-consistent sigma0 = 1.1689e+08 m^3/(kg*s)
  (tau_q*3H0 = 1 at this sigma0)

  Pairs with H0_CMB in [65.4, 69.4]: 80
    sigma0=2.34e+08  Gamma0=1.00e+00  H0_CMB=69.05  tau_ratio=1.998  s8_ratio=1.148
    sigma0=2.34e+08  Gamma0=4.28e+00  H0_CMB=69.05  tau_ratio=1.998  s8_ratio=1.148
    sigma0=2.34e+08  Gamma0=1.83e+01  H0_CMB=69.05  tau_ratio=1.998  s8_ratio=1.148
    sigma0=2.34e+08  Gamma0=7.85e+01  H0_CMB=69.05  tau_ratio=1.998  s8_ratio=1.148
    sigma0=2.34e+08  Gamma0=3.36e+02  H0_CMB=69.05  tau_ratio=1.998  s8_ratio=1.148

  sigma8 range: [0.407, 0.998]
  Planck sigma8 = 0.811

============================================================
Task 3: 4-Panel Visualization
============================================================
  Main plot: /Users/blu/Desktop/spacetime-quantum-metabolism-hypothesis/simulations/l48/l48_task3_main.png
  sigma8 plot: /Users/blu/Desktop/spacetime-quantum-metabolism-hypothesis/simulations/l48/l48_task3_sigma8.png

============================================================
L48 FINAL VERDICT
============================================================

  sigma_sc = 1.1689e+08 m^3/(kg*s)  [IN RANGE of grid]
  tau_q_sc = 1.3937e+17 s  = 1/(3H0)

  H0 tension resolution:
  H0_local  target = 73.80 km/s/Mpc
  H0_CMB_PL target = 67.40 km/s/Mpc
  Grid pairs matching H0_CMB: 80/400

  [VERDICT] Q1 CANDIDATE -- tension region found AND sigma_sc in grid

============================================================
L48 RESULTS SUMMARY
============================================================
[Task 0] LCDM baseline: r_s=114.97 Mpc  theta*=9.65398
[Task 1] Grid 20x20 done. Valid: 400/400
[Task 2] H0_CMB match pairs: 80
[Verdict] Q1 CANDIDATE -- tension region found AND sigma_sc in grid
Saved: /Users/blu/Desktop/spacetime-quantum-metabolism-hypothesis/simulations/l48/l48_results.json
