============================================================
L49: T22_full — SPARC 175-Galaxy Rotation Curve Analysis
Workers: 8  |  a_0_MOND = 1.20e-10 m/s^2 = 3702.6 (km/s)^2/kpc
============================================================

============================================================
Pre-task: Unit Conversion Verification
============================================================

[U1] 1 (km/s)^2/kpc = 3.2404e-14 m/s^2  (expect 3.241e-14)
[U2] a_0 = 1.20e-10 m/s^2 = 3703.2 (km/s)^2/kpc  (A0_KPC=3702.6)

[U3] sigma_sc (T17) = 1.1689e+08 m^3/(kg*s)
[U4] tau_q at sigma_sc = 1.3937e+17 s  = 1/(3H0) = 1.3937e+17 s
[U5] beta at MOND a_0  = 0.05579  (expect ~0.056)
[U6] sigma_0 from a_0  = 1.1689e+08 (expect sigma_sc=1.1689e+08)

  KPC_CONV = 3.2410e-14, ok = True
  rho_crit_kpc = 1.3600e+02 M_sun/kpc^3

============================================================
Task 1: SPARC Data Download + Parse
============================================================
  SPARC already downloaded (175 .dat files)
  Found 175 .dat files

============================================================
Task 2: Parallel Galaxy Fitting (175 galaxies, 8 workers)
============================================================
  Done in 4.9s.  OK: 175/175

============================================================
Task 3: Analysis — a_0 Distribution + sigma_0 Extraction
============================================================

  a_0 distribution (175 galaxies):
  log10(a_0) median = 3.370  std = 0.784 dex
  a_0 median = 7.592e-11 m/s^2  (MOND std: 1.20e-10)
  sigma A1 test: 0.784 dex  [FAIL]

  sigma_0 extraction (beta=1 assumption: sigma_0=4piG*c/a_0):
  beta_sc median (at sigma_sc) = 0.03530
  sigma_0 median (beta=1) = 3.312e+09 m^3/(kg*s)  log_sigma_0 = 9.520

  Comparison with T17/T20:
  T17 H_0 tension: sigma = 2.34e+08 log=8.369  ratio=14.153
  T17 self-consist: sigma = 1.17e+08 log=8.068  ratio=28.305
  T20 sigma_8:     sigma = 5.60e+07 log=7.748  ratio=59.138

  Chi2/dof comparison:
  SQT  (free a_0)  : median chi2/dof = 1.19  N=175
  MOND (fixed a_0) : median chi2/dof = 3.20  N=175
  NFW              : median chi2/dof = 0.99  N=175

============================================================
Task 4: Visualization (5-panel)
============================================================
  Main plot: /Users/blu/Desktop/spacetime-quantum-metabolism-hypothesis/simulations/l49/l49_main.png

============================================================
L49 FINAL VERDICT
============================================================

  a_0 universality: A1-FAIL: sigma(log a_0) > 0.25 dex — environment-dependent
  sigma_0 matching: 4th-VALUE — T22 sigma_0=3.31e+09 differs from ALL T17/T20 values (min diff=1.15 dex)

  T22 sigma_0 = 3.312e+09 m^3/(kg*s)  log = 9.520

  Chi2/dof: SQT=1.19 | MOND=3.20 | NFW=0.99

  === sigma_0 Diagnostic Table ===
  Constraint                sigma_0   log sigma_0
  ----------------------------------------------
  T17 H0 tension          2.340e+08         8.369
  T17 self-consist        1.170e+08         8.068
  T20 sigma8              5.600e+07         7.748
  T22 a_0 (L49)           3.312e+09         9.520  <-- THIS RUN

============================================================
L49 RESULTS SUMMARY
============================================================
[T1] Galaxies loaded: 175
[T2] SQT fits OK: 175/175
[T3] log(a_0) median=3.370  std=0.784 dex
[T3] sigma_0 median = 3.312e+09
[Verdict-A1] A1-FAIL: sigma(log a_0) > 0.25 dex — environment-dependent
[Verdict-SC] 4th-VALUE — T22 sigma_0=3.31e+09 differs from ALL T17/T20 values (min diff=1.15 dex)
Saved: /Users/blu/Desktop/spacetime-quantum-metabolism-hypothesis/simulations/l49/l49_results.json
